2012-02-13 09:23:44,788 WARN   [PhaseInterceptorChain] Interceptor for {http://service.server.springws.nki.no/}HelloServiceService#{http://service.server.springws.nki.no/}makeBusinessException has thrown exception, unwinding now 
org.apache.cxf.binding.soap.SoapFault: Error reading XMLStreamReader.
	at org.apache.cxf.binding.soap.interceptor.ReadHeadersInterceptor.handleMessage(ReadHeadersInterceptor.java:237)
	at org.apache.cxf.binding.soap.interceptor.ReadHeadersInterceptor.handleMessage(ReadHeadersInterceptor.java:60)
	at org.apache.cxf.phase.PhaseInterceptorChain.doIntercept(PhaseInterceptorChain.java:263)
	at org.apache.cxf.endpoint.ClientImpl.onMessage(ClientImpl.java:799)
	at org.apache.cxf.transport.http.HTTPConduit$WrappedOutputStream.handleResponseInternal(HTTPConduit.java:1627)
	at org.apache.cxf.transport.http.HTTPConduit$WrappedOutputStream.handleResponse(HTTPConduit.java:1494)
	at org.apache.cxf.transport.http.HTTPConduit$WrappedOutputStream.close(HTTPConduit.java:1402)
	at org.apache.cxf.transport.AbstractConduit.close(AbstractConduit.java:56)
	at org.apache.cxf.transport.http.HTTPConduit.close(HTTPConduit.java:649)
	at org.apache.cxf.interceptor.MessageSenderInterceptor$MessageSenderEndingInterceptor.handleMessage(MessageSenderInterceptor.java:62)
	at org.apache.cxf.phase.PhaseInterceptorChain.doIntercept(PhaseInterceptorChain.java:263)
	at org.apache.cxf.endpoint.ClientImpl.doInvoke(ClientImpl.java:533)
	at org.apache.cxf.endpoint.ClientImpl.invoke(ClientImpl.java:463)
	at org.apache.cxf.endpoint.ClientImpl.invoke(ClientImpl.java:366)
	at org.apache.cxf.endpoint.ClientImpl.invoke(ClientImpl.java:319)
	at org.apache.cxf.frontend.ClientProxy.invokeSync(ClientProxy.java:88)
	at org.apache.cxf.jaxws.JaxWsClientProxy.invoke(JaxWsClientProxy.java:134)
	at $Proxy40.makeBusinessException(Unknown Source)
	at no.nki.springws.server.service.HelloServiceTest.testMakeBusinessException(HelloServiceTest.java:57)
	at sun.reflect.NativeMethodAccessorImpl.invoke0(Native Method)
	at sun.reflect.NativeMethodAccessorImpl.invoke(NativeMethodAccessorImpl.java:39)
	at sun.reflect.DelegatingMethodAccessorImpl.invoke(DelegatingMethodAccessorImpl.java:25)
	at java.lang.reflect.Method.invoke(Method.java:597)
	at org.junit.runners.model.FrameworkMethod$1.runReflectiveCall(FrameworkMethod.java:44)
	at org.junit.internal.runners.model.ReflectiveCallable.run(ReflectiveCallable.java:15)
	at org.junit.runners.model.FrameworkMethod.invokeExplosively(FrameworkMethod.java:41)
	at org.junit.internal.runners.statements.InvokeMethod.evaluate(InvokeMethod.java:20)
	at org.junit.internal.runners.statements.RunBefores.evaluate(RunBefores.java:28)
	at org.springframework.test.context.junit4.statements.RunBeforeTestMethodCallbacks.evaluate(RunBeforeTestMethodCallbacks.java:74)
	at org.springframework.test.context.junit4.statements.RunAfterTestMethodCallbacks.evaluate(RunAfterTestMethodCallbacks.java:83)
	at org.springframework.test.context.junit4.statements.SpringRepeat.evaluate(SpringRepeat.java:72)
	at org.springframework.test.context.junit4.SpringJUnit4ClassRunner.runChild(SpringJUnit4ClassRunner.java:231)
	at org.junit.runners.BlockJUnit4ClassRunner.runChild(BlockJUnit4ClassRunner.java:50)
	at org.junit.runners.ParentRunner$3.run(ParentRunner.java:193)
	at org.junit.runners.ParentRunner$1.schedule(ParentRunner.java:52)
	at org.junit.runners.ParentRunner.runChildren(ParentRunner.java:191)
	at org.junit.runners.ParentRunner.access$000(ParentRunner.java:42)
	at org.junit.runners.ParentRunner$2.evaluate(ParentRunner.java:184)
	at org.springframework.test.context.junit4.statements.RunBeforeTestClassCallbacks.evaluate(RunBeforeTestClassCallbacks.java:61)
	at org.springframework.test.context.junit4.statements.RunAfterTestClassCallbacks.evaluate(RunAfterTestClassCallbacks.java:71)
	at org.junit.runners.ParentRunner.run(ParentRunner.java:236)
	at org.springframework.test.context.junit4.SpringJUnit4ClassRunner.run(SpringJUnit4ClassRunner.java:174)
	at org.apache.maven.surefire.junit4.JUnit4TestSet.execute(JUnit4TestSet.java:62)
	at org.apache.maven.surefire.suite.AbstractDirectoryTestSuite.executeTestSet(AbstractDirectoryTestSuite.java:140)
	at org.apache.maven.surefire.suite.AbstractDirectoryTestSuite.execute(AbstractDirectoryTestSuite.java:127)
	at org.apache.maven.surefire.Surefire.run(Surefire.java:177)
	at sun.reflect.NativeMethodAccessorImpl.invoke0(Native Method)
	at sun.reflect.NativeMethodAccessorImpl.invoke(NativeMethodAccessorImpl.java:39)
	at sun.reflect.DelegatingMethodAccessorImpl.invoke(DelegatingMethodAccessorImpl.java:25)
	at java.lang.reflect.Method.invoke(Method.java:597)
	at org.apache.maven.surefire.booter.SurefireBooter.runSuitesInProcess(SurefireBooter.java:345)
	at org.apache.maven.surefire.booter.SurefireBooter.main(SurefireBooter.java:1009)
Caused by: com.ctc.wstx.exc.WstxEOFException: Unexpected EOF in prolog
 at [row,col {unknown-source}]: [1,0]
	at com.ctc.wstx.sr.StreamScanner.throwUnexpectedEOF(StreamScanner.java:677)
	at com.ctc.wstx.sr.BasicStreamReader.handleEOF(BasicStreamReader.java:2104)
	at com.ctc.wstx.sr.BasicStreamReader.nextFromProlog(BasicStreamReader.java:2010)
	at com.ctc.wstx.sr.BasicStreamReader.next(BasicStreamReader.java:1102)
	at com.ctc.wstx.sr.BasicStreamReader.nextTag(BasicStreamReader.java:1125)
	at org.apache.cxf.binding.soap.interceptor.ReadHeadersInterceptor.handleMessage(ReadHeadersInterceptor.java:138)
	... 51 more
2012-02-13 09:23:44,865 INFO   [ContextHandler] stopped o.e.j.s.h.ContextHandler{/springws,null} 
2012-02-13 09:27:25,159 INFO   [ReflectionServiceFactoryBean] Creating Service {http://service.server.springws.nki.no/}HelloServiceService from class no.nki.springws.server.service.HelloService 
2012-02-13 09:27:26,855 INFO   [ReflectionServiceFactoryBean] Creating Service {http://unknown.namespace/}$Proxy40Service from class no.nki.springws.server.service.HelloService 
2012-02-13 09:27:27,094 INFO   [ServerImpl] Setting the server's publish address to be http://localhost:9000/springws/Hello 
2012-02-13 09:27:27,153 INFO   [Server] jetty-7.5.3.v20111011 
2012-02-13 09:27:27,239 INFO   [AbstractConnector] Started SelectChannelConnector@localhost:9000 STARTING 
2012-02-13 09:27:27,267 INFO   [ContextHandler] started o.e.j.s.h.ContextHandler{/springws,null} 
2012-02-13 09:27:27,290 WARN   [OldSpringSupport] Import of META-INF/cxf/cxf-extension-soap.xml has been deprecated and is unnecessary. 
2012-02-13 09:27:28,006 WARN   [PhaseInterceptorChain] Interceptor for {http://service.server.springws.nki.no/}HelloServiceService#{http://service.server.springws.nki.no/}sendText has thrown exception, unwinding now 
org.apache.cxf.binding.soap.SoapFault: Error reading XMLStreamReader.
	at org.apache.cxf.binding.soap.interceptor.ReadHeadersInterceptor.handleMessage(ReadHeadersInterceptor.java:237)
	at org.apache.cxf.binding.soap.interceptor.ReadHeadersInterceptor.handleMessage(ReadHeadersInterceptor.java:60)
	at org.apache.cxf.phase.PhaseInterceptorChain.doIntercept(PhaseInterceptorChain.java:263)
	at org.apache.cxf.endpoint.ClientImpl.onMessage(ClientImpl.java:799)
	at org.apache.cxf.transport.http.HTTPConduit$WrappedOutputStream.handleResponseInternal(HTTPConduit.java:1627)
	at org.apache.cxf.transport.http.HTTPConduit$WrappedOutputStream.handleResponse(HTTPConduit.java:1494)
	at org.apache.cxf.transport.http.HTTPConduit$WrappedOutputStream.close(HTTPConduit.java:1402)
	at org.apache.cxf.transport.AbstractConduit.close(AbstractConduit.java:56)
	at org.apache.cxf.transport.http.HTTPConduit.close(HTTPConduit.java:649)
	at org.apache.cxf.interceptor.MessageSenderInterceptor$MessageSenderEndingInterceptor.handleMessage(MessageSenderInterceptor.java:62)
	at org.apache.cxf.phase.PhaseInterceptorChain.doIntercept(PhaseInterceptorChain.java:263)
	at org.apache.cxf.endpoint.ClientImpl.doInvoke(ClientImpl.java:533)
	at org.apache.cxf.endpoint.ClientImpl.invoke(ClientImpl.java:463)
	at org.apache.cxf.endpoint.ClientImpl.invoke(ClientImpl.java:366)
	at org.apache.cxf.endpoint.ClientImpl.invoke(ClientImpl.java:319)
	at org.apache.cxf.frontend.ClientProxy.invokeSync(ClientProxy.java:88)
	at org.apache.cxf.jaxws.JaxWsClientProxy.invoke(JaxWsClientProxy.java:134)
	at $Proxy40.sendText(Unknown Source)
	at no.nki.springws.server.service.HelloServiceTest.testSendText(HelloServiceTest.java:37)
	at sun.reflect.NativeMethodAccessorImpl.invoke0(Native Method)
	at sun.reflect.NativeMethodAccessorImpl.invoke(NativeMethodAccessorImpl.java:39)
	at sun.reflect.DelegatingMethodAccessorImpl.invoke(DelegatingMethodAccessorImpl.java:25)
	at java.lang.reflect.Method.invoke(Method.java:597)
	at org.junit.runners.model.FrameworkMethod$1.runReflectiveCall(FrameworkMethod.java:44)
	at org.junit.internal.runners.model.ReflectiveCallable.run(ReflectiveCallable.java:15)
	at org.junit.runners.model.FrameworkMethod.invokeExplosively(FrameworkMethod.java:41)
	at org.junit.internal.runners.statements.InvokeMethod.evaluate(InvokeMethod.java:20)
	at org.junit.internal.runners.statements.RunBefores.evaluate(RunBefores.java:28)
	at org.springframework.test.context.junit4.statements.RunBeforeTestMethodCallbacks.evaluate(RunBeforeTestMethodCallbacks.java:74)
	at org.springframework.test.context.junit4.statements.RunAfterTestMethodCallbacks.evaluate(RunAfterTestMethodCallbacks.java:83)
	at org.springframework.test.context.junit4.statements.SpringRepeat.evaluate(SpringRepeat.java:72)
	at org.springframework.test.context.junit4.SpringJUnit4ClassRunner.runChild(SpringJUnit4ClassRunner.java:231)
	at org.junit.runners.BlockJUnit4ClassRunner.runChild(BlockJUnit4ClassRunner.java:50)
	at org.junit.runners.ParentRunner$3.run(ParentRunner.java:193)
	at org.junit.runners.ParentRunner$1.schedule(ParentRunner.java:52)
	at org.junit.runners.ParentRunner.runChildren(ParentRunner.java:191)
	at org.junit.runners.ParentRunner.access$000(ParentRunner.java:42)
	at org.junit.runners.ParentRunner$2.evaluate(ParentRunner.java:184)
	at org.springframework.test.context.junit4.statements.RunBeforeTestClassCallbacks.evaluate(RunBeforeTestClassCallbacks.java:61)
	at org.springframework.test.context.junit4.statements.RunAfterTestClassCallbacks.evaluate(RunAfterTestClassCallbacks.java:71)
	at org.junit.runners.ParentRunner.run(ParentRunner.java:236)
	at org.springframework.test.context.junit4.SpringJUnit4ClassRunner.run(SpringJUnit4ClassRunner.java:174)
	at org.apache.maven.surefire.junit4.JUnit4TestSet.execute(JUnit4TestSet.java:62)
	at org.apache.maven.surefire.suite.AbstractDirectoryTestSuite.executeTestSet(AbstractDirectoryTestSuite.java:140)
	at org.apache.maven.surefire.suite.AbstractDirectoryTestSuite.execute(AbstractDirectoryTestSuite.java:127)
	at org.apache.maven.surefire.Surefire.run(Surefire.java:177)
	at sun.reflect.NativeMethodAccessorImpl.invoke0(Native Method)
	at sun.reflect.NativeMethodAccessorImpl.invoke(NativeMethodAccessorImpl.java:39)
	at sun.reflect.DelegatingMethodAccessorImpl.invoke(DelegatingMethodAccessorImpl.java:25)
	at java.lang.reflect.Method.invoke(Method.java:597)
	at org.apache.maven.surefire.booter.SurefireBooter.runSuitesInProcess(SurefireBooter.java:345)
	at org.apache.maven.surefire.booter.SurefireBooter.main(SurefireBooter.java:1009)
Caused by: com.ctc.wstx.exc.WstxEOFException: Unexpected EOF in prolog
 at [row,col {unknown-source}]: [1,0]
	at com.ctc.wstx.sr.StreamScanner.throwUnexpectedEOF(StreamScanner.java:677)
	at com.ctc.wstx.sr.BasicStreamReader.handleEOF(BasicStreamReader.java:2104)
	at com.ctc.wstx.sr.BasicStreamReader.nextFromProlog(BasicStreamReader.java:2010)
	at com.ctc.wstx.sr.BasicStreamReader.next(BasicStreamReader.java:1102)
	at com.ctc.wstx.sr.BasicStreamReader.nextTag(BasicStreamReader.java:1125)
	at org.apache.cxf.binding.soap.interceptor.ReadHeadersInterceptor.handleMessage(ReadHeadersInterceptor.java:138)
	... 51 more
2012-02-13 09:27:28,036 WARN   [PhaseInterceptorChain] Interceptor for {http://service.server.springws.nki.no/}HelloServiceService#{http://service.server.springws.nki.no/}sendTextToAdmin has thrown exception, unwinding now 
org.apache.cxf.binding.soap.SoapFault: Error reading XMLStreamReader.
	at org.apache.cxf.binding.soap.interceptor.ReadHeadersInterceptor.handleMessage(ReadHeadersInterceptor.java:237)
	at org.apache.cxf.binding.soap.interceptor.ReadHeadersInterceptor.handleMessage(ReadHeadersInterceptor.java:60)
	at org.apache.cxf.phase.PhaseInterceptorChain.doIntercept(PhaseInterceptorChain.java:263)
	at org.apache.cxf.endpoint.ClientImpl.onMessage(ClientImpl.java:799)
	at org.apache.cxf.transport.http.HTTPConduit$WrappedOutputStream.handleResponseInternal(HTTPConduit.java:1627)
	at org.apache.cxf.transport.http.HTTPConduit$WrappedOutputStream.handleResponse(HTTPConduit.java:1494)
	at org.apache.cxf.transport.http.HTTPConduit$WrappedOutputStream.close(HTTPConduit.java:1402)
	at org.apache.cxf.transport.AbstractConduit.close(AbstractConduit.java:56)
	at org.apache.cxf.transport.http.HTTPConduit.close(HTTPConduit.java:649)
	at org.apache.cxf.interceptor.MessageSenderInterceptor$MessageSenderEndingInterceptor.handleMessage(MessageSenderInterceptor.java:62)
	at org.apache.cxf.phase.PhaseInterceptorChain.doIntercept(PhaseInterceptorChain.java:263)
	at org.apache.cxf.endpoint.ClientImpl.doInvoke(ClientImpl.java:533)
	at org.apache.cxf.endpoint.ClientImpl.invoke(ClientImpl.java:463)
	at org.apache.cxf.endpoint.ClientImpl.invoke(ClientImpl.java:366)
	at org.apache.cxf.endpoint.ClientImpl.invoke(ClientImpl.java:319)
	at org.apache.cxf.frontend.ClientProxy.invokeSync(ClientProxy.java:88)
	at org.apache.cxf.jaxws.JaxWsClientProxy.invoke(JaxWsClientProxy.java:134)
	at $Proxy40.sendTextToAdmin(Unknown Source)
	at no.nki.springws.server.service.HelloServiceTest.testSendTextToAdmin(HelloServiceTest.java:44)
	at sun.reflect.NativeMethodAccessorImpl.invoke0(Native Method)
	at sun.reflect.NativeMethodAccessorImpl.invoke(NativeMethodAccessorImpl.java:39)
	at sun.reflect.DelegatingMethodAccessorImpl.invoke(DelegatingMethodAccessorImpl.java:25)
	at java.lang.reflect.Method.invoke(Method.java:597)
	at org.junit.runners.model.FrameworkMethod$1.runReflectiveCall(FrameworkMethod.java:44)
	at org.junit.internal.runners.model.ReflectiveCallable.run(ReflectiveCallable.java:15)
	at org.junit.runners.model.FrameworkMethod.invokeExplosively(FrameworkMethod.java:41)
	at org.junit.internal.runners.statements.InvokeMethod.evaluate(InvokeMethod.java:20)
	at org.junit.internal.runners.statements.RunBefores.evaluate(RunBefores.java:28)
	at org.springframework.test.context.junit4.statements.RunBeforeTestMethodCallbacks.evaluate(RunBeforeTestMethodCallbacks.java:74)
	at org.springframework.test.context.junit4.statements.RunAfterTestMethodCallbacks.evaluate(RunAfterTestMethodCallbacks.java:83)
	at org.springframework.test.context.junit4.statements.SpringRepeat.evaluate(SpringRepeat.java:72)
	at org.springframework.test.context.junit4.SpringJUnit4ClassRunner.runChild(SpringJUnit4ClassRunner.java:231)
	at org.junit.runners.BlockJUnit4ClassRunner.runChild(BlockJUnit4ClassRunner.java:50)
	at org.junit.runners.ParentRunner$3.run(ParentRunner.java:193)
	at org.junit.runners.ParentRunner$1.schedule(ParentRunner.java:52)
	at org.junit.runners.ParentRunner.runChildren(ParentRunner.java:191)
	at org.junit.runners.ParentRunner.access$000(ParentRunner.java:42)
	at org.junit.runners.ParentRunner$2.evaluate(ParentRunner.java:184)
	at org.springframework.test.context.junit4.statements.RunBeforeTestClassCallbacks.evaluate(RunBeforeTestClassCallbacks.java:61)
	at org.springframework.test.context.junit4.statements.RunAfterTestClassCallbacks.evaluate(RunAfterTestClassCallbacks.java:71)
	at org.junit.runners.ParentRunner.run(ParentRunner.java:236)
	at org.springframework.test.context.junit4.SpringJUnit4ClassRunner.run(SpringJUnit4ClassRunner.java:174)
	at org.apache.maven.surefire.junit4.JUnit4TestSet.execute(JUnit4TestSet.java:62)
	at org.apache.maven.surefire.suite.AbstractDirectoryTestSuite.executeTestSet(AbstractDirectoryTestSuite.java:140)
	at org.apache.maven.surefire.suite.AbstractDirectoryTestSuite.execute(AbstractDirectoryTestSuite.java:127)
	at org.apache.maven.surefire.Surefire.run(Surefire.java:177)
	at sun.reflect.NativeMethodAccessorImpl.invoke0(Native Method)
	at sun.reflect.NativeMethodAccessorImpl.invoke(NativeMethodAccessorImpl.java:39)
	at sun.reflect.DelegatingMethodAccessorImpl.invoke(DelegatingMethodAccessorImpl.java:25)
	at java.lang.reflect.Method.invoke(Method.java:597)
	at org.apache.maven.surefire.booter.SurefireBooter.runSuitesInProcess(SurefireBooter.java:345)
	at org.apache.maven.surefire.booter.SurefireBooter.main(SurefireBooter.java:1009)
Caused by: com.ctc.wstx.exc.WstxEOFException: Unexpected EOF in prolog
 at [row,col {unknown-source}]: [1,0]
	at com.ctc.wstx.sr.StreamScanner.throwUnexpectedEOF(StreamScanner.java:677)
	at com.ctc.wstx.sr.BasicStreamReader.handleEOF(BasicStreamReader.java:2104)
	at com.ctc.wstx.sr.BasicStreamReader.nextFromProlog(BasicStreamReader.java:2010)
	at com.ctc.wstx.sr.BasicStreamReader.next(BasicStreamReader.java:1102)
	at com.ctc.wstx.sr.BasicStreamReader.nextTag(BasicStreamReader.java:1125)
	at org.apache.cxf.binding.soap.interceptor.ReadHeadersInterceptor.handleMessage(ReadHeadersInterceptor.java:138)
	... 51 more
2012-02-13 09:27:28,051 WARN   [PhaseInterceptorChain] Interceptor for {http://service.server.springws.nki.no/}HelloServiceService#{http://service.server.springws.nki.no/}getAdmin has thrown exception, unwinding now 
org.apache.cxf.binding.soap.SoapFault: Error reading XMLStreamReader.
	at org.apache.cxf.binding.soap.interceptor.ReadHeadersInterceptor.handleMessage(ReadHeadersInterceptor.java:237)
	at org.apache.cxf.binding.soap.interceptor.ReadHeadersInterceptor.handleMessage(ReadHeadersInterceptor.java:60)
	at org.apache.cxf.phase.PhaseInterceptorChain.doIntercept(PhaseInterceptorChain.java:263)
	at org.apache.cxf.endpoint.ClientImpl.onMessage(ClientImpl.java:799)
	at org.apache.cxf.transport.http.HTTPConduit$WrappedOutputStream.handleResponseInternal(HTTPConduit.java:1627)
	at org.apache.cxf.transport.http.HTTPConduit$WrappedOutputStream.handleResponse(HTTPConduit.java:1494)
	at org.apache.cxf.transport.http.HTTPConduit$WrappedOutputStream.close(HTTPConduit.java:1402)
	at org.apache.cxf.transport.AbstractConduit.close(AbstractConduit.java:56)
	at org.apache.cxf.transport.http.HTTPConduit.close(HTTPConduit.java:649)
	at org.apache.cxf.interceptor.MessageSenderInterceptor$MessageSenderEndingInterceptor.handleMessage(MessageSenderInterceptor.java:62)
	at org.apache.cxf.phase.PhaseInterceptorChain.doIntercept(PhaseInterceptorChain.java:263)
	at org.apache.cxf.endpoint.ClientImpl.doInvoke(ClientImpl.java:533)
	at org.apache.cxf.endpoint.ClientImpl.invoke(ClientImpl.java:463)
	at org.apache.cxf.endpoint.ClientImpl.invoke(ClientImpl.java:366)
	at org.apache.cxf.endpoint.ClientImpl.invoke(ClientImpl.java:319)
	at org.apache.cxf.frontend.ClientProxy.invokeSync(ClientProxy.java:88)
	at org.apache.cxf.jaxws.JaxWsClientProxy.invoke(JaxWsClientProxy.java:134)
	at $Proxy40.getAdmin(Unknown Source)
	at no.nki.springws.server.service.HelloServiceTest.testgetAdmin(HelloServiceTest.java:50)
	at sun.reflect.NativeMethodAccessorImpl.invoke0(Native Method)
	at sun.reflect.NativeMethodAccessorImpl.invoke(NativeMethodAccessorImpl.java:39)
	at sun.reflect.DelegatingMethodAccessorImpl.invoke(DelegatingMethodAccessorImpl.java:25)
	at java.lang.reflect.Method.invoke(Method.java:597)
	at org.junit.runners.model.FrameworkMethod$1.runReflectiveCall(FrameworkMethod.java:44)
	at org.junit.internal.runners.model.ReflectiveCallable.run(ReflectiveCallable.java:15)
	at org.junit.runners.model.FrameworkMethod.invokeExplosively(FrameworkMethod.java:41)
	at org.junit.internal.runners.statements.InvokeMethod.evaluate(InvokeMethod.java:20)
	at org.junit.internal.runners.statements.RunBefores.evaluate(RunBefores.java:28)
	at org.springframework.test.context.junit4.statements.RunBeforeTestMethodCallbacks.evaluate(RunBeforeTestMethodCallbacks.java:74)
	at org.springframework.test.context.junit4.statements.RunAfterTestMethodCallbacks.evaluate(RunAfterTestMethodCallbacks.java:83)
	at org.springframework.test.context.junit4.statements.SpringRepeat.evaluate(SpringRepeat.java:72)
	at org.springframework.test.context.junit4.SpringJUnit4ClassRunner.runChild(SpringJUnit4ClassRunner.java:231)
	at org.junit.runners.BlockJUnit4ClassRunner.runChild(BlockJUnit4ClassRunner.java:50)
	at org.junit.runners.ParentRunner$3.run(ParentRunner.java:193)
	at org.junit.runners.ParentRunner$1.schedule(ParentRunner.java:52)
	at org.junit.runners.ParentRunner.runChildren(ParentRunner.java:191)
	at org.junit.runners.ParentRunner.access$000(ParentRunner.java:42)
	at org.junit.runners.ParentRunner$2.evaluate(ParentRunner.java:184)
	at org.springframework.test.context.junit4.statements.RunBeforeTestClassCallbacks.evaluate(RunBeforeTestClassCallbacks.java:61)
	at org.springframework.test.context.junit4.statements.RunAfterTestClassCallbacks.evaluate(RunAfterTestClassCallbacks.java:71)
	at org.junit.runners.ParentRunner.run(ParentRunner.java:236)
	at org.springframework.test.context.junit4.SpringJUnit4ClassRunner.run(SpringJUnit4ClassRunner.java:174)
	at org.apache.maven.surefire.junit4.JUnit4TestSet.execute(JUnit4TestSet.java:62)
	at org.apache.maven.surefire.suite.AbstractDirectoryTestSuite.executeTestSet(AbstractDirectoryTestSuite.java:140)
	at org.apache.maven.surefire.suite.AbstractDirectoryTestSuite.execute(AbstractDirectoryTestSuite.java:127)
	at org.apache.maven.surefire.Surefire.run(Surefire.java:177)
	at sun.reflect.NativeMethodAccessorImpl.invoke0(Native Method)
	at sun.reflect.NativeMethodAccessorImpl.invoke(NativeMethodAccessorImpl.java:39)
	at sun.reflect.DelegatingMethodAccessorImpl.invoke(DelegatingMethodAccessorImpl.java:25)
	at java.lang.reflect.Method.invoke(Method.java:597)
	at org.apache.maven.surefire.booter.SurefireBooter.runSuitesInProcess(SurefireBooter.java:345)
	at org.apache.maven.surefire.booter.SurefireBooter.main(SurefireBooter.java:1009)
Caused by: com.ctc.wstx.exc.WstxEOFException: Unexpected EOF in prolog
 at [row,col {unknown-source}]: [1,0]
	at com.ctc.wstx.sr.StreamScanner.throwUnexpectedEOF(StreamScanner.java:677)
	at com.ctc.wstx.sr.BasicStreamReader.handleEOF(BasicStreamReader.java:2104)
	at com.ctc.wstx.sr.BasicStreamReader.nextFromProlog(BasicStreamReader.java:2010)
	at com.ctc.wstx.sr.BasicStreamReader.next(BasicStreamReader.java:1102)
	at com.ctc.wstx.sr.BasicStreamReader.nextTag(BasicStreamReader.java:1125)
	at org.apache.cxf.binding.soap.interceptor.ReadHeadersInterceptor.handleMessage(ReadHeadersInterceptor.java:138)
	... 51 more
2012-02-13 09:27:28,085 WARN   [PhaseInterceptorChain] Interceptor for {http://service.server.springws.nki.no/}HelloServiceService#{http://service.server.springws.nki.no/}makeBusinessException has thrown exception, unwinding now 
org.apache.cxf.binding.soap.SoapFault: Error reading XMLStreamReader.
	at org.apache.cxf.binding.soap.interceptor.ReadHeadersInterceptor.handleMessage(ReadHeadersInterceptor.java:237)
	at org.apache.cxf.binding.soap.interceptor.ReadHeadersInterceptor.handleMessage(ReadHeadersInterceptor.java:60)
	at org.apache.cxf.phase.PhaseInterceptorChain.doIntercept(PhaseInterceptorChain.java:263)
	at org.apache.cxf.endpoint.ClientImpl.onMessage(ClientImpl.java:799)
	at org.apache.cxf.transport.http.HTTPConduit$WrappedOutputStream.handleResponseInternal(HTTPConduit.java:1627)
	at org.apache.cxf.transport.http.HTTPConduit$WrappedOutputStream.handleResponse(HTTPConduit.java:1494)
	at org.apache.cxf.transport.http.HTTPConduit$WrappedOutputStream.close(HTTPConduit.java:1402)
	at org.apache.cxf.transport.AbstractConduit.close(AbstractConduit.java:56)
	at org.apache.cxf.transport.http.HTTPConduit.close(HTTPConduit.java:649)
	at org.apache.cxf.interceptor.MessageSenderInterceptor$MessageSenderEndingInterceptor.handleMessage(MessageSenderInterceptor.java:62)
	at org.apache.cxf.phase.PhaseInterceptorChain.doIntercept(PhaseInterceptorChain.java:263)
	at org.apache.cxf.endpoint.ClientImpl.doInvoke(ClientImpl.java:533)
	at org.apache.cxf.endpoint.ClientImpl.invoke(ClientImpl.java:463)
	at org.apache.cxf.endpoint.ClientImpl.invoke(ClientImpl.java:366)
	at org.apache.cxf.endpoint.ClientImpl.invoke(ClientImpl.java:319)
	at org.apache.cxf.frontend.ClientProxy.invokeSync(ClientProxy.java:88)
	at org.apache.cxf.jaxws.JaxWsClientProxy.invoke(JaxWsClientProxy.java:134)
	at $Proxy40.makeBusinessException(Unknown Source)
	at no.nki.springws.server.service.HelloServiceTest.testMakeBusinessException(HelloServiceTest.java:57)
	at sun.reflect.NativeMethodAccessorImpl.invoke0(Native Method)
	at sun.reflect.NativeMethodAccessorImpl.invoke(NativeMethodAccessorImpl.java:39)
	at sun.reflect.DelegatingMethodAccessorImpl.invoke(DelegatingMethodAccessorImpl.java:25)
	at java.lang.reflect.Method.invoke(Method.java:597)
	at org.junit.runners.model.FrameworkMethod$1.runReflectiveCall(FrameworkMethod.java:44)
	at org.junit.internal.runners.model.ReflectiveCallable.run(ReflectiveCallable.java:15)
	at org.junit.runners.model.FrameworkMethod.invokeExplosively(FrameworkMethod.java:41)
	at org.junit.internal.runners.statements.InvokeMethod.evaluate(InvokeMethod.java:20)
	at org.junit.internal.runners.statements.RunBefores.evaluate(RunBefores.java:28)
	at org.springframework.test.context.junit4.statements.RunBeforeTestMethodCallbacks.evaluate(RunBeforeTestMethodCallbacks.java:74)
	at org.springframework.test.context.junit4.statements.RunAfterTestMethodCallbacks.evaluate(RunAfterTestMethodCallbacks.java:83)
	at org.springframework.test.context.junit4.statements.SpringRepeat.evaluate(SpringRepeat.java:72)
	at org.springframework.test.context.junit4.SpringJUnit4ClassRunner.runChild(SpringJUnit4ClassRunner.java:231)
	at org.junit.runners.BlockJUnit4ClassRunner.runChild(BlockJUnit4ClassRunner.java:50)
	at org.junit.runners.ParentRunner$3.run(ParentRunner.java:193)
	at org.junit.runners.ParentRunner$1.schedule(ParentRunner.java:52)
	at org.junit.runners.ParentRunner.runChildren(ParentRunner.java:191)
	at org.junit.runners.ParentRunner.access$000(ParentRunner.java:42)
	at org.junit.runners.ParentRunner$2.evaluate(ParentRunner.java:184)
	at org.springframework.test.context.junit4.statements.RunBeforeTestClassCallbacks.evaluate(RunBeforeTestClassCallbacks.java:61)
	at org.springframework.test.context.junit4.statements.RunAfterTestClassCallbacks.evaluate(RunAfterTestClassCallbacks.java:71)
	at org.junit.runners.ParentRunner.run(ParentRunner.java:236)
	at org.springframework.test.context.junit4.SpringJUnit4ClassRunner.run(SpringJUnit4ClassRunner.java:174)
	at org.apache.maven.surefire.junit4.JUnit4TestSet.execute(JUnit4TestSet.java:62)
	at org.apache.maven.surefire.suite.AbstractDirectoryTestSuite.executeTestSet(AbstractDirectoryTestSuite.java:140)
	at org.apache.maven.surefire.suite.AbstractDirectoryTestSuite.execute(AbstractDirectoryTestSuite.java:127)
	at org.apache.maven.surefire.Surefire.run(Surefire.java:177)
	at sun.reflect.NativeMethodAccessorImpl.invoke0(Native Method)
	at sun.reflect.NativeMethodAccessorImpl.invoke(NativeMethodAccessorImpl.java:39)
	at sun.reflect.DelegatingMethodAccessorImpl.invoke(DelegatingMethodAccessorImpl.java:25)
	at java.lang.reflect.Method.invoke(Method.java:597)
	at org.apache.maven.surefire.booter.SurefireBooter.runSuitesInProcess(SurefireBooter.java:345)
	at org.apache.maven.surefire.booter.SurefireBooter.main(SurefireBooter.java:1009)
Caused by: com.ctc.wstx.exc.WstxEOFException: Unexpected EOF in prolog
 at [row,col {unknown-source}]: [1,0]
	at com.ctc.wstx.sr.StreamScanner.throwUnexpectedEOF(StreamScanner.java:677)
	at com.ctc.wstx.sr.BasicStreamReader.handleEOF(BasicStreamReader.java:2104)
	at com.ctc.wstx.sr.BasicStreamReader.nextFromProlog(BasicStreamReader.java:2010)
	at com.ctc.wstx.sr.BasicStreamReader.next(BasicStreamReader.java:1102)
	at com.ctc.wstx.sr.BasicStreamReader.nextTag(BasicStreamReader.java:1125)
	at org.apache.cxf.binding.soap.interceptor.ReadHeadersInterceptor.handleMessage(ReadHeadersInterceptor.java:138)
	... 51 more
2012-02-13 09:27:28,133 INFO   [ContextHandler] stopped o.e.j.s.h.ContextHandler{/springws,null} 
2012-02-13 09:31:41,612 INFO   [ReflectionServiceFactoryBean] Creating Service {http://service.server.springws.nki.no/}HelloServiceService from class no.nki.springws.server.service.HelloService 
2012-02-13 09:31:43,408 INFO   [ReflectionServiceFactoryBean] Creating Service {http://unknown.namespace/}$Proxy40Service from class no.nki.springws.server.service.HelloService 
2012-02-13 09:31:43,520 ERROR  [HTTPTransportFactory] Cannot find any registered HttpDestinationFactory from the Bus. 
2012-02-13 09:38:05,376 INFO   [ReflectionServiceFactoryBean] Creating Service {http://service.server.springws.nki.no/}HelloServiceService from class no.nki.springws.server.service.HelloService 
2012-02-13 09:38:05,577 INFO   [ReflectionServiceFactoryBean] Creating Service {http://unknown.namespace/}$Proxy40Service from class no.nki.springws.server.service.HelloService 
2012-02-13 09:38:05,707 ERROR  [HTTPTransportFactory] Cannot find any registered HttpDestinationFactory from the Bus. 
2012-02-13 09:44:24,903 INFO   [ReflectionServiceFactoryBean] Creating Service {http://service.server.springws.nki.no/}HelloServiceService from class no.nki.springws.server.service.HelloService 
2012-02-13 09:44:24,982 INFO   [ReflectionServiceFactoryBean] Creating Service {http://unknown.namespace/}$Proxy40Service from class no.nki.springws.server.service.HelloService 
2012-02-13 09:44:25,017 ERROR  [HTTPTransportFactory] Cannot find any registered HttpDestinationFactory from the Bus. 
2012-02-13 09:50:44,466 INFO   [ReflectionServiceFactoryBean] Creating Service {http://service.server.springws.nki.no/}HelloServiceService from class no.nki.springws.server.service.HelloService 
2012-02-13 09:50:44,574 INFO   [ReflectionServiceFactoryBean] Creating Service {http://unknown.namespace/}$Proxy40Service from class no.nki.springws.server.service.HelloService 
2012-02-13 09:50:44,606 ERROR  [HTTPTransportFactory] Cannot find any registered HttpDestinationFactory from the Bus. 
2012-02-13 10:28:14,757 INFO   [ReflectionServiceFactoryBean] Creating Service {http://service.server.springws.nki.no/}HelloServiceService from class no.nki.springws.server.service.HelloService 
2012-02-13 10:28:16,358 INFO   [ReflectionServiceFactoryBean] Creating Service {http://unknown.namespace/}$Proxy40Service from class no.nki.springws.server.service.HelloService 
2012-02-13 10:28:16,583 INFO   [ServerImpl] Setting the server's publish address to be http://localhost:9000/springws/Hello 
2012-02-13 10:28:16,667 INFO   [Server] jetty-7.5.3.v20111011 
2012-02-13 10:28:16,759 INFO   [AbstractConnector] Started SelectChannelConnector@localhost:9000 STARTING 
2012-02-13 10:28:16,787 INFO   [ContextHandler] started o.e.j.s.h.ContextHandler{/springws,null} 
2012-02-13 10:28:16,826 WARN   [OldSpringSupport] Import of META-INF/cxf/cxf-extension-soap.xml has been deprecated and is unnecessary. 
2012-02-13 10:28:17,546 WARN   [PhaseInterceptorChain] Interceptor for {http://service.server.springws.nki.no/}HelloServiceService#{http://service.server.springws.nki.no/}sendText has thrown exception, unwinding now 
org.apache.cxf.binding.soap.SoapFault: Error reading XMLStreamReader.
	at org.apache.cxf.binding.soap.interceptor.ReadHeadersInterceptor.handleMessage(ReadHeadersInterceptor.java:237)
	at org.apache.cxf.binding.soap.interceptor.ReadHeadersInterceptor.handleMessage(ReadHeadersInterceptor.java:60)
	at org.apache.cxf.phase.PhaseInterceptorChain.doIntercept(PhaseInterceptorChain.java:263)
	at org.apache.cxf.endpoint.ClientImpl.onMessage(ClientImpl.java:799)
	at org.apache.cxf.transport.http.HTTPConduit$WrappedOutputStream.handleResponseInternal(HTTPConduit.java:1627)
	at org.apache.cxf.transport.http.HTTPConduit$WrappedOutputStream.handleResponse(HTTPConduit.java:1494)
	at org.apache.cxf.transport.http.HTTPConduit$WrappedOutputStream.close(HTTPConduit.java:1402)
	at org.apache.cxf.transport.AbstractConduit.close(AbstractConduit.java:56)
	at org.apache.cxf.transport.http.HTTPConduit.close(HTTPConduit.java:649)
	at org.apache.cxf.interceptor.MessageSenderInterceptor$MessageSenderEndingInterceptor.handleMessage(MessageSenderInterceptor.java:62)
	at org.apache.cxf.phase.PhaseInterceptorChain.doIntercept(PhaseInterceptorChain.java:263)
	at org.apache.cxf.endpoint.ClientImpl.doInvoke(ClientImpl.java:533)
	at org.apache.cxf.endpoint.ClientImpl.invoke(ClientImpl.java:463)
	at org.apache.cxf.endpoint.ClientImpl.invoke(ClientImpl.java:366)
	at org.apache.cxf.endpoint.ClientImpl.invoke(ClientImpl.java:319)
	at org.apache.cxf.frontend.ClientProxy.invokeSync(ClientProxy.java:88)
	at org.apache.cxf.jaxws.JaxWsClientProxy.invoke(JaxWsClientProxy.java:134)
	at $Proxy40.sendText(Unknown Source)
	at no.nki.springws.server.service.HelloServiceTest.testSendText(HelloServiceTest.java:37)
	at sun.reflect.NativeMethodAccessorImpl.invoke0(Native Method)
	at sun.reflect.NativeMethodAccessorImpl.invoke(NativeMethodAccessorImpl.java:39)
	at sun.reflect.DelegatingMethodAccessorImpl.invoke(DelegatingMethodAccessorImpl.java:25)
	at java.lang.reflect.Method.invoke(Method.java:597)
	at org.junit.runners.model.FrameworkMethod$1.runReflectiveCall(FrameworkMethod.java:44)
	at org.junit.internal.runners.model.ReflectiveCallable.run(ReflectiveCallable.java:15)
	at org.junit.runners.model.FrameworkMethod.invokeExplosively(FrameworkMethod.java:41)
	at org.junit.internal.runners.statements.InvokeMethod.evaluate(InvokeMethod.java:20)
	at org.junit.internal.runners.statements.RunBefores.evaluate(RunBefores.java:28)
	at org.springframework.test.context.junit4.statements.RunBeforeTestMethodCallbacks.evaluate(RunBeforeTestMethodCallbacks.java:74)
	at org.springframework.test.context.junit4.statements.RunAfterTestMethodCallbacks.evaluate(RunAfterTestMethodCallbacks.java:83)
	at org.springframework.test.context.junit4.statements.SpringRepeat.evaluate(SpringRepeat.java:72)
	at org.springframework.test.context.junit4.SpringJUnit4ClassRunner.runChild(SpringJUnit4ClassRunner.java:231)
	at org.junit.runners.BlockJUnit4ClassRunner.runChild(BlockJUnit4ClassRunner.java:50)
	at org.junit.runners.ParentRunner$3.run(ParentRunner.java:193)
	at org.junit.runners.ParentRunner$1.schedule(ParentRunner.java:52)
	at org.junit.runners.ParentRunner.runChildren(ParentRunner.java:191)
	at org.junit.runners.ParentRunner.access$000(ParentRunner.java:42)
	at org.junit.runners.ParentRunner$2.evaluate(ParentRunner.java:184)
	at org.springframework.test.context.junit4.statements.RunBeforeTestClassCallbacks.evaluate(RunBeforeTestClassCallbacks.java:61)
	at org.springframework.test.context.junit4.statements.RunAfterTestClassCallbacks.evaluate(RunAfterTestClassCallbacks.java:71)
	at org.junit.runners.ParentRunner.run(ParentRunner.java:236)
	at org.springframework.test.context.junit4.SpringJUnit4ClassRunner.run(SpringJUnit4ClassRunner.java:174)
	at org.apache.maven.surefire.junit4.JUnit4TestSet.execute(JUnit4TestSet.java:62)
	at org.apache.maven.surefire.suite.AbstractDirectoryTestSuite.executeTestSet(AbstractDirectoryTestSuite.java:140)
	at org.apache.maven.surefire.suite.AbstractDirectoryTestSuite.execute(AbstractDirectoryTestSuite.java:127)
	at org.apache.maven.surefire.Surefire.run(Surefire.java:177)
	at sun.reflect.NativeMethodAccessorImpl.invoke0(Native Method)
	at sun.reflect.NativeMethodAccessorImpl.invoke(NativeMethodAccessorImpl.java:39)
	at sun.reflect.DelegatingMethodAccessorImpl.invoke(DelegatingMethodAccessorImpl.java:25)
	at java.lang.reflect.Method.invoke(Method.java:597)
	at org.apache.maven.surefire.booter.SurefireBooter.runSuitesInProcess(SurefireBooter.java:345)
	at org.apache.maven.surefire.booter.SurefireBooter.main(SurefireBooter.java:1009)
Caused by: com.ctc.wstx.exc.WstxEOFException: Unexpected EOF in prolog
 at [row,col {unknown-source}]: [1,0]
	at com.ctc.wstx.sr.StreamScanner.throwUnexpectedEOF(StreamScanner.java:677)
	at com.ctc.wstx.sr.BasicStreamReader.handleEOF(BasicStreamReader.java:2104)
	at com.ctc.wstx.sr.BasicStreamReader.nextFromProlog(BasicStreamReader.java:2010)
	at com.ctc.wstx.sr.BasicStreamReader.next(BasicStreamReader.java:1102)
	at com.ctc.wstx.sr.BasicStreamReader.nextTag(BasicStreamReader.java:1125)
	at org.apache.cxf.binding.soap.interceptor.ReadHeadersInterceptor.handleMessage(ReadHeadersInterceptor.java:138)
	... 51 more
2012-02-13 10:28:17,607 WARN   [PhaseInterceptorChain] Interceptor for {http://service.server.springws.nki.no/}HelloServiceService#{http://service.server.springws.nki.no/}sendTextToAdmin has thrown exception, unwinding now 
org.apache.cxf.binding.soap.SoapFault: Error reading XMLStreamReader.
	at org.apache.cxf.binding.soap.interceptor.ReadHeadersInterceptor.handleMessage(ReadHeadersInterceptor.java:237)
	at org.apache.cxf.binding.soap.interceptor.ReadHeadersInterceptor.handleMessage(ReadHeadersInterceptor.java:60)
	at org.apache.cxf.phase.PhaseInterceptorChain.doIntercept(PhaseInterceptorChain.java:263)
	at org.apache.cxf.endpoint.ClientImpl.onMessage(ClientImpl.java:799)
	at org.apache.cxf.transport.http.HTTPConduit$WrappedOutputStream.handleResponseInternal(HTTPConduit.java:1627)
	at org.apache.cxf.transport.http.HTTPConduit$WrappedOutputStream.handleResponse(HTTPConduit.java:1494)
	at org.apache.cxf.transport.http.HTTPConduit$WrappedOutputStream.close(HTTPConduit.java:1402)
	at org.apache.cxf.transport.AbstractConduit.close(AbstractConduit.java:56)
	at org.apache.cxf.transport.http.HTTPConduit.close(HTTPConduit.java:649)
	at org.apache.cxf.interceptor.MessageSenderInterceptor$MessageSenderEndingInterceptor.handleMessage(MessageSenderInterceptor.java:62)
	at org.apache.cxf.phase.PhaseInterceptorChain.doIntercept(PhaseInterceptorChain.java:263)
	at org.apache.cxf.endpoint.ClientImpl.doInvoke(ClientImpl.java:533)
	at org.apache.cxf.endpoint.ClientImpl.invoke(ClientImpl.java:463)
	at org.apache.cxf.endpoint.ClientImpl.invoke(ClientImpl.java:366)
	at org.apache.cxf.endpoint.ClientImpl.invoke(ClientImpl.java:319)
	at org.apache.cxf.frontend.ClientProxy.invokeSync(ClientProxy.java:88)
	at org.apache.cxf.jaxws.JaxWsClientProxy.invoke(JaxWsClientProxy.java:134)
	at $Proxy40.sendTextToAdmin(Unknown Source)
	at no.nki.springws.server.service.HelloServiceTest.testSendTextToAdmin(HelloServiceTest.java:44)
	at sun.reflect.NativeMethodAccessorImpl.invoke0(Native Method)
	at sun.reflect.NativeMethodAccessorImpl.invoke(NativeMethodAccessorImpl.java:39)
	at sun.reflect.DelegatingMethodAccessorImpl.invoke(DelegatingMethodAccessorImpl.java:25)
	at java.lang.reflect.Method.invoke(Method.java:597)
	at org.junit.runners.model.FrameworkMethod$1.runReflectiveCall(FrameworkMethod.java:44)
	at org.junit.internal.runners.model.ReflectiveCallable.run(ReflectiveCallable.java:15)
	at org.junit.runners.model.FrameworkMethod.invokeExplosively(FrameworkMethod.java:41)
	at org.junit.internal.runners.statements.InvokeMethod.evaluate(InvokeMethod.java:20)
	at org.junit.internal.runners.statements.RunBefores.evaluate(RunBefores.java:28)
	at org.springframework.test.context.junit4.statements.RunBeforeTestMethodCallbacks.evaluate(RunBeforeTestMethodCallbacks.java:74)
	at org.springframework.test.context.junit4.statements.RunAfterTestMethodCallbacks.evaluate(RunAfterTestMethodCallbacks.java:83)
	at org.springframework.test.context.junit4.statements.SpringRepeat.evaluate(SpringRepeat.java:72)
	at org.springframework.test.context.junit4.SpringJUnit4ClassRunner.runChild(SpringJUnit4ClassRunner.java:231)
	at org.junit.runners.BlockJUnit4ClassRunner.runChild(BlockJUnit4ClassRunner.java:50)
	at org.junit.runners.ParentRunner$3.run(ParentRunner.java:193)
	at org.junit.runners.ParentRunner$1.schedule(ParentRunner.java:52)
	at org.junit.runners.ParentRunner.runChildren(ParentRunner.java:191)
	at org.junit.runners.ParentRunner.access$000(ParentRunner.java:42)
	at org.junit.runners.ParentRunner$2.evaluate(ParentRunner.java:184)
	at org.springframework.test.context.junit4.statements.RunBeforeTestClassCallbacks.evaluate(RunBeforeTestClassCallbacks.java:61)
	at org.springframework.test.context.junit4.statements.RunAfterTestClassCallbacks.evaluate(RunAfterTestClassCallbacks.java:71)
	at org.junit.runners.ParentRunner.run(ParentRunner.java:236)
	at org.springframework.test.context.junit4.SpringJUnit4ClassRunner.run(SpringJUnit4ClassRunner.java:174)
	at org.apache.maven.surefire.junit4.JUnit4TestSet.execute(JUnit4TestSet.java:62)
	at org.apache.maven.surefire.suite.AbstractDirectoryTestSuite.executeTestSet(AbstractDirectoryTestSuite.java:140)
	at org.apache.maven.surefire.suite.AbstractDirectoryTestSuite.execute(AbstractDirectoryTestSuite.java:127)
	at org.apache.maven.surefire.Surefire.run(Surefire.java:177)
	at sun.reflect.NativeMethodAccessorImpl.invoke0(Native Method)
	at sun.reflect.NativeMethodAccessorImpl.invoke(NativeMethodAccessorImpl.java:39)
	at sun.reflect.DelegatingMethodAccessorImpl.invoke(DelegatingMethodAccessorImpl.java:25)
	at java.lang.reflect.Method.invoke(Method.java:597)
	at org.apache.maven.surefire.booter.SurefireBooter.runSuitesInProcess(SurefireBooter.java:345)
	at org.apache.maven.surefire.booter.SurefireBooter.main(SurefireBooter.java:1009)
Caused by: com.ctc.wstx.exc.WstxEOFException: Unexpected EOF in prolog
 at [row,col {unknown-source}]: [1,0]
	at com.ctc.wstx.sr.StreamScanner.throwUnexpectedEOF(StreamScanner.java:677)
	at com.ctc.wstx.sr.BasicStreamReader.handleEOF(BasicStreamReader.java:2104)
	at com.ctc.wstx.sr.BasicStreamReader.nextFromProlog(BasicStreamReader.java:2010)
	at com.ctc.wstx.sr.BasicStreamReader.next(BasicStreamReader.java:1102)
	at com.ctc.wstx.sr.BasicStreamReader.nextTag(BasicStreamReader.java:1125)
	at org.apache.cxf.binding.soap.interceptor.ReadHeadersInterceptor.handleMessage(ReadHeadersInterceptor.java:138)
	... 51 more
2012-02-13 10:28:17,620 WARN   [PhaseInterceptorChain] Interceptor for {http://service.server.springws.nki.no/}HelloServiceService#{http://service.server.springws.nki.no/}getAdmin has thrown exception, unwinding now 
org.apache.cxf.binding.soap.SoapFault: Error reading XMLStreamReader.
	at org.apache.cxf.binding.soap.interceptor.ReadHeadersInterceptor.handleMessage(ReadHeadersInterceptor.java:237)
	at org.apache.cxf.binding.soap.interceptor.ReadHeadersInterceptor.handleMessage(ReadHeadersInterceptor.java:60)
	at org.apache.cxf.phase.PhaseInterceptorChain.doIntercept(PhaseInterceptorChain.java:263)
	at org.apache.cxf.endpoint.ClientImpl.onMessage(ClientImpl.java:799)
	at org.apache.cxf.transport.http.HTTPConduit$WrappedOutputStream.handleResponseInternal(HTTPConduit.java:1627)
	at org.apache.cxf.transport.http.HTTPConduit$WrappedOutputStream.handleResponse(HTTPConduit.java:1494)
	at org.apache.cxf.transport.http.HTTPConduit$WrappedOutputStream.close(HTTPConduit.java:1402)
	at org.apache.cxf.transport.AbstractConduit.close(AbstractConduit.java:56)
	at org.apache.cxf.transport.http.HTTPConduit.close(HTTPConduit.java:649)
	at org.apache.cxf.interceptor.MessageSenderInterceptor$MessageSenderEndingInterceptor.handleMessage(MessageSenderInterceptor.java:62)
	at org.apache.cxf.phase.PhaseInterceptorChain.doIntercept(PhaseInterceptorChain.java:263)
	at org.apache.cxf.endpoint.ClientImpl.doInvoke(ClientImpl.java:533)
	at org.apache.cxf.endpoint.ClientImpl.invoke(ClientImpl.java:463)
	at org.apache.cxf.endpoint.ClientImpl.invoke(ClientImpl.java:366)
	at org.apache.cxf.endpoint.ClientImpl.invoke(ClientImpl.java:319)
	at org.apache.cxf.frontend.ClientProxy.invokeSync(ClientProxy.java:88)
	at org.apache.cxf.jaxws.JaxWsClientProxy.invoke(JaxWsClientProxy.java:134)
	at $Proxy40.getAdmin(Unknown Source)
	at no.nki.springws.server.service.HelloServiceTest.testgetAdmin(HelloServiceTest.java:50)
	at sun.reflect.NativeMethodAccessorImpl.invoke0(Native Method)
	at sun.reflect.NativeMethodAccessorImpl.invoke(NativeMethodAccessorImpl.java:39)
	at sun.reflect.DelegatingMethodAccessorImpl.invoke(DelegatingMethodAccessorImpl.java:25)
	at java.lang.reflect.Method.invoke(Method.java:597)
	at org.junit.runners.model.FrameworkMethod$1.runReflectiveCall(FrameworkMethod.java:44)
	at org.junit.internal.runners.model.ReflectiveCallable.run(ReflectiveCallable.java:15)
	at org.junit.runners.model.FrameworkMethod.invokeExplosively(FrameworkMethod.java:41)
	at org.junit.internal.runners.statements.InvokeMethod.evaluate(InvokeMethod.java:20)
	at org.junit.internal.runners.statements.RunBefores.evaluate(RunBefores.java:28)
	at org.springframework.test.context.junit4.statements.RunBeforeTestMethodCallbacks.evaluate(RunBeforeTestMethodCallbacks.java:74)
	at org.springframework.test.context.junit4.statements.RunAfterTestMethodCallbacks.evaluate(RunAfterTestMethodCallbacks.java:83)
	at org.springframework.test.context.junit4.statements.SpringRepeat.evaluate(SpringRepeat.java:72)
	at org.springframework.test.context.junit4.SpringJUnit4ClassRunner.runChild(SpringJUnit4ClassRunner.java:231)
	at org.junit.runners.BlockJUnit4ClassRunner.runChild(BlockJUnit4ClassRunner.java:50)
	at org.junit.runners.ParentRunner$3.run(ParentRunner.java:193)
	at org.junit.runners.ParentRunner$1.schedule(ParentRunner.java:52)
	at org.junit.runners.ParentRunner.runChildren(ParentRunner.java:191)
	at org.junit.runners.ParentRunner.access$000(ParentRunner.java:42)
	at org.junit.runners.ParentRunner$2.evaluate(ParentRunner.java:184)
	at org.springframework.test.context.junit4.statements.RunBeforeTestClassCallbacks.evaluate(RunBeforeTestClassCallbacks.java:61)
	at org.springframework.test.context.junit4.statements.RunAfterTestClassCallbacks.evaluate(RunAfterTestClassCallbacks.java:71)
	at org.junit.runners.ParentRunner.run(ParentRunner.java:236)
	at org.springframework.test.context.junit4.SpringJUnit4ClassRunner.run(SpringJUnit4ClassRunner.java:174)
	at org.apache.maven.surefire.junit4.JUnit4TestSet.execute(JUnit4TestSet.java:62)
	at org.apache.maven.surefire.suite.AbstractDirectoryTestSuite.executeTestSet(AbstractDirectoryTestSuite.java:140)
	at org.apache.maven.surefire.suite.AbstractDirectoryTestSuite.execute(AbstractDirectoryTestSuite.java:127)
	at org.apache.maven.surefire.Surefire.run(Surefire.java:177)
	at sun.reflect.NativeMethodAccessorImpl.invoke0(Native Method)
	at sun.reflect.NativeMethodAccessorImpl.invoke(NativeMethodAccessorImpl.java:39)
	at sun.reflect.DelegatingMethodAccessorImpl.invoke(DelegatingMethodAccessorImpl.java:25)
	at java.lang.reflect.Method.invoke(Method.java:597)
	at org.apache.maven.surefire.booter.SurefireBooter.runSuitesInProcess(SurefireBooter.java:345)
	at org.apache.maven.surefire.booter.SurefireBooter.main(SurefireBooter.java:1009)
Caused by: com.ctc.wstx.exc.WstxEOFException: Unexpected EOF in prolog
 at [row,col {unknown-source}]: [1,0]
	at com.ctc.wstx.sr.StreamScanner.throwUnexpectedEOF(StreamScanner.java:677)
	at com.ctc.wstx.sr.BasicStreamReader.handleEOF(BasicStreamReader.java:2104)
	at com.ctc.wstx.sr.BasicStreamReader.nextFromProlog(BasicStreamReader.java:2010)
	at com.ctc.wstx.sr.BasicStreamReader.next(BasicStreamReader.java:1102)
	at com.ctc.wstx.sr.BasicStreamReader.nextTag(BasicStreamReader.java:1125)
	at org.apache.cxf.binding.soap.interceptor.ReadHeadersInterceptor.handleMessage(ReadHeadersInterceptor.java:138)
	... 51 more
2012-02-13 10:28:17,635 WARN   [PhaseInterceptorChain] Interceptor for {http://service.server.springws.nki.no/}HelloServiceService#{http://service.server.springws.nki.no/}makeBusinessException has thrown exception, unwinding now 
org.apache.cxf.binding.soap.SoapFault: Error reading XMLStreamReader.
	at org.apache.cxf.binding.soap.interceptor.ReadHeadersInterceptor.handleMessage(ReadHeadersInterceptor.java:237)
	at org.apache.cxf.binding.soap.interceptor.ReadHeadersInterceptor.handleMessage(ReadHeadersInterceptor.java:60)
	at org.apache.cxf.phase.PhaseInterceptorChain.doIntercept(PhaseInterceptorChain.java:263)
	at org.apache.cxf.endpoint.ClientImpl.onMessage(ClientImpl.java:799)
	at org.apache.cxf.transport.http.HTTPConduit$WrappedOutputStream.handleResponseInternal(HTTPConduit.java:1627)
	at org.apache.cxf.transport.http.HTTPConduit$WrappedOutputStream.handleResponse(HTTPConduit.java:1494)
	at org.apache.cxf.transport.http.HTTPConduit$WrappedOutputStream.close(HTTPConduit.java:1402)
	at org.apache.cxf.transport.AbstractConduit.close(AbstractConduit.java:56)
	at org.apache.cxf.transport.http.HTTPConduit.close(HTTPConduit.java:649)
	at org.apache.cxf.interceptor.MessageSenderInterceptor$MessageSenderEndingInterceptor.handleMessage(MessageSenderInterceptor.java:62)
	at org.apache.cxf.phase.PhaseInterceptorChain.doIntercept(PhaseInterceptorChain.java:263)
	at org.apache.cxf.endpoint.ClientImpl.doInvoke(ClientImpl.java:533)
	at org.apache.cxf.endpoint.ClientImpl.invoke(ClientImpl.java:463)
	at org.apache.cxf.endpoint.ClientImpl.invoke(ClientImpl.java:366)
	at org.apache.cxf.endpoint.ClientImpl.invoke(ClientImpl.java:319)
	at org.apache.cxf.frontend.ClientProxy.invokeSync(ClientProxy.java:88)
	at org.apache.cxf.jaxws.JaxWsClientProxy.invoke(JaxWsClientProxy.java:134)
	at $Proxy40.makeBusinessException(Unknown Source)
	at no.nki.springws.server.service.HelloServiceTest.testMakeBusinessException(HelloServiceTest.java:57)
	at sun.reflect.NativeMethodAccessorImpl.invoke0(Native Method)
	at sun.reflect.NativeMethodAccessorImpl.invoke(NativeMethodAccessorImpl.java:39)
	at sun.reflect.DelegatingMethodAccessorImpl.invoke(DelegatingMethodAccessorImpl.java:25)
	at java.lang.reflect.Method.invoke(Method.java:597)
	at org.junit.runners.model.FrameworkMethod$1.runReflectiveCall(FrameworkMethod.java:44)
	at org.junit.internal.runners.model.ReflectiveCallable.run(ReflectiveCallable.java:15)
	at org.junit.runners.model.FrameworkMethod.invokeExplosively(FrameworkMethod.java:41)
	at org.junit.internal.runners.statements.InvokeMethod.evaluate(InvokeMethod.java:20)
	at org.junit.internal.runners.statements.RunBefores.evaluate(RunBefores.java:28)
	at org.springframework.test.context.junit4.statements.RunBeforeTestMethodCallbacks.evaluate(RunBeforeTestMethodCallbacks.java:74)
	at org.springframework.test.context.junit4.statements.RunAfterTestMethodCallbacks.evaluate(RunAfterTestMethodCallbacks.java:83)
	at org.springframework.test.context.junit4.statements.SpringRepeat.evaluate(SpringRepeat.java:72)
	at org.springframework.test.context.junit4.SpringJUnit4ClassRunner.runChild(SpringJUnit4ClassRunner.java:231)
	at org.junit.runners.BlockJUnit4ClassRunner.runChild(BlockJUnit4ClassRunner.java:50)
	at org.junit.runners.ParentRunner$3.run(ParentRunner.java:193)
	at org.junit.runners.ParentRunner$1.schedule(ParentRunner.java:52)
	at org.junit.runners.ParentRunner.runChildren(ParentRunner.java:191)
	at org.junit.runners.ParentRunner.access$000(ParentRunner.java:42)
	at org.junit.runners.ParentRunner$2.evaluate(ParentRunner.java:184)
	at org.springframework.test.context.junit4.statements.RunBeforeTestClassCallbacks.evaluate(RunBeforeTestClassCallbacks.java:61)
	at org.springframework.test.context.junit4.statements.RunAfterTestClassCallbacks.evaluate(RunAfterTestClassCallbacks.java:71)
	at org.junit.runners.ParentRunner.run(ParentRunner.java:236)
	at org.springframework.test.context.junit4.SpringJUnit4ClassRunner.run(SpringJUnit4ClassRunner.java:174)
	at org.apache.maven.surefire.junit4.JUnit4TestSet.execute(JUnit4TestSet.java:62)
	at org.apache.maven.surefire.suite.AbstractDirectoryTestSuite.executeTestSet(AbstractDirectoryTestSuite.java:140)
	at org.apache.maven.surefire.suite.AbstractDirectoryTestSuite.execute(AbstractDirectoryTestSuite.java:127)
	at org.apache.maven.surefire.Surefire.run(Surefire.java:177)
	at sun.reflect.NativeMethodAccessorImpl.invoke0(Native Method)
	at sun.reflect.NativeMethodAccessorImpl.invoke(NativeMethodAccessorImpl.java:39)
	at sun.reflect.DelegatingMethodAccessorImpl.invoke(DelegatingMethodAccessorImpl.java:25)
	at java.lang.reflect.Method.invoke(Method.java:597)
	at org.apache.maven.surefire.booter.SurefireBooter.runSuitesInProcess(SurefireBooter.java:345)
	at org.apache.maven.surefire.booter.SurefireBooter.main(SurefireBooter.java:1009)
Caused by: com.ctc.wstx.exc.WstxEOFException: Unexpected EOF in prolog
 at [row,col {unknown-source}]: [1,0]
	at com.ctc.wstx.sr.StreamScanner.throwUnexpectedEOF(StreamScanner.java:677)
	at com.ctc.wstx.sr.BasicStreamReader.handleEOF(BasicStreamReader.java:2104)
	at com.ctc.wstx.sr.BasicStreamReader.nextFromProlog(BasicStreamReader.java:2010)
	at com.ctc.wstx.sr.BasicStreamReader.next(BasicStreamReader.java:1102)
	at com.ctc.wstx.sr.BasicStreamReader.nextTag(BasicStreamReader.java:1125)
	at org.apache.cxf.binding.soap.interceptor.ReadHeadersInterceptor.handleMessage(ReadHeadersInterceptor.java:138)
	... 51 more
2012-02-13 10:28:17,694 INFO   [ContextHandler] stopped o.e.j.s.h.ContextHandler{/springws,null} 
